\BOOKMARK [1][-]{section.2}{\376\377\000B\000a\000s\000i\000c\000\040\000C\000o\000n\000c\000e\000p\000t\000s\000\040\000\050\000G\000r\000u\000n\000d\000b\000e\000g\000r\000i\000f\000f\000e\000\051}{}% 1
\BOOKMARK [2][-]{subsection.3}{\376\377\000L\000o\000g\000i\000c\000\040\000\050\000L\000o\000g\000i\000k\000\051}{section.2}% 2
\BOOKMARK [2][-]{subsection.4}{\376\377\000S\000e\000t\000s\000\040\000\050\000M\000e\000n\000g\000e\000n\000\051}{section.2}% 3
\BOOKMARK [2][-]{subsection.5}{\376\377\000F\000u\000n\000c\000t\000i\000o\000n\000s\000\040\000\050\000F\000u\000n\000k\000t\000i\000o\000n\000e\000n\000\051}{section.2}% 4
\BOOKMARK [2][-]{subsection.6}{\376\377\000R\000e\000l\000a\000t\000i\000o\000n\000s\000\040\000\050\000R\000e\000l\000a\000t\000i\000o\000n\000e\000n\000\051}{section.2}% 5
\BOOKMARK [1][-]{section.7}{\376\377\000N\000u\000m\000b\000e\000r\000s\000\040\000\050\000Z\000a\000h\000l\000e\000n\000\051}{}% 6
\BOOKMARK [2][-]{subsection.8}{\376\377\000T\000h\000e\000\040\000N\000a\000t\000u\000r\000a\000l\000\040\000N\000u\000m\000b\000e\000r\000s\000\040\000\050\000D\000i\000e\000\040\000n\000a\000t\000\374\000r\000l\000i\000c\000h\000e\000n\000\040\000Z\000a\000h\000l\000e\000n\000\051}{section.7}% 7
\BOOKMARK [2][-]{subsection.9}{\376\377\000T\000h\000e\000\040\000R\000a\000t\000i\000o\000n\000a\000l\000\040\000N\000u\000m\000b\000e\000r\000s\000\040\000\050\000D\000i\000e\000\040\000r\000a\000t\000i\000o\000n\000a\000l\000e\000n\000\040\000Z\000a\000h\000l\000e\000n\000\051}{section.7}% 8
\BOOKMARK [2][-]{subsection.17}{\376\377\000T\000h\000e\000\040\000R\000e\000a\000l\000\040\000N\000u\000m\000b\000e\000r\000s\000\040\000\050\000D\000i\000e\000\040\000r\000e\000e\000l\000l\000e\000n\000\040\000Z\000a\000h\000l\000e\000n\000\051}{section.7}% 9
\BOOKMARK [2][-]{subsection.30}{\376\377\000C\000o\000u\000n\000t\000a\000b\000l\000e\000\040\000a\000n\000d\000\040\000U\000n\000c\000o\000u\000n\000t\000a\000b\000l\000e\000\040\000S\000e\000t\000s\000\040\000\050\000A\000b\000z\000\344\000h\000l\000b\000a\000r\000\040\000u\000n\000d\000\040\000\374\000b\000e\000r\000a\000b\000z\000\344\000h\000l\000b\000a\000r\000\051}{section.7}% 10
\BOOKMARK [2][-]{subsection.40}{\376\377\000T\000h\000e\000\040\000C\000o\000m\000p\000l\000e\000x\000\040\000N\000u\000m\000b\000e\000r\000s\000\040\000\050\000D\000i\000e\000\040\000k\000o\000m\000p\000l\000e\000x\000e\000n\000\040\000Z\000a\000h\000l\000e\000n\000\051}{section.7}% 11
\BOOKMARK [1][-]{section.44}{\376\377\000S\000e\000q\000u\000e\000n\000c\000e\000s\000\040\000a\000n\000d\000\040\000S\000e\000r\000i\000e\000s\000\040\000\050\000F\000o\000l\000g\000e\000n\000\040\000u\000n\000d\000\040\000R\000e\000i\000h\000e\000n\000\051}{}% 12
\BOOKMARK [2][-]{subsection.45}{\376\377\000C\000o\000n\000v\000e\000r\000g\000e\000n\000t\000\040\000S\000e\000q\000u\000e\000n\000c\000e\000s\000\040\000\050\000K\000o\000n\000v\000e\000r\000g\000e\000n\000z\000\040\000v\000o\000n\000\040\000F\000o\000l\000g\000e\000n\000\051}{section.44}% 13
\BOOKMARK [2][-]{subsection.74}{\376\377\000C\000o\000m\000p\000l\000e\000t\000e\000n\000e\000s\000s\000\040\000\050\000V\000o\000l\000l\000s\000t\000\344\000n\000d\000i\000g\000k\000e\000i\000t\000\051}{section.44}% 14
\BOOKMARK [2][-]{subsection.88}{\376\377\000I\000m\000p\000r\000o\000p\000e\000r\000\040\000C\000o\000n\000v\000e\000r\000g\000e\000n\000c\000e\000\040\000\050\000U\000n\000e\000i\000g\000e\000n\000t\000l\000i\000c\000h\000e\000\040\000K\000o\000n\000v\000e\000r\000g\000e\000n\000z\000\051}{section.44}% 15
\BOOKMARK [2][-]{subsection.113}{\376\377\000S\000e\000r\000i\000e\000s\000\040\000\050\000R\000e\000i\000h\000e\000n\000\051}{section.44}% 16
\BOOKMARK [2][-]{subsection.126}{\376\377\000A\000b\000s\000o\000l\000u\000t\000e\000\040\000C\000o\000n\000v\000e\000r\000g\000e\000n\000c\000e\000\040\000\050\000A\000b\000s\000o\000l\000u\000t\000e\000\040\000K\000o\000n\000v\000e\000r\000g\000e\000n\000z\000\051}{section.44}% 17
\BOOKMARK [2][-]{subsection.165}{\376\377\000P\000o\000w\000e\000r\000\040\000S\000e\000r\000i\000e\000s\000\040\000\050\000P\000o\000t\000e\000n\000z\000r\000e\000i\000h\000e\000n\000\051}{section.44}% 18
\BOOKMARK [1][-]{section.190}{\376\377\000C\000o\000n\000t\000i\000n\000u\000o\000u\000s\000\040\000F\000u\000n\000c\000t\000i\000o\000n\000s\000\040\000\050\000S\000t\000e\000t\000i\000g\000e\000\040\000F\000u\000n\000k\000t\000i\000o\000n\000e\000n\000\051}{}% 19
\BOOKMARK [2][-]{subsection.191}{\376\377\000N\000o\000r\000m\000e\000d\000\040\000V\000e\000c\000t\000o\000r\000\040\000S\000p\000a\000c\000e\000s\000\040\000\050\000N\000o\000r\000m\000i\000e\000r\000t\000e\000\040\000V\000e\000k\000t\000o\000r\000r\000\344\000u\000m\000e\000\051}{section.190}% 20
\BOOKMARK [2][-]{subsection.235}{\376\377\000B\000a\000s\000i\000c\000\040\000T\000o\000p\000o\000l\000o\000g\000i\000c\000a\000l\000\040\000C\000o\000n\000c\000e\000p\000t\000s\000\040\000\050\000T\000o\000p\000o\000l\000o\000g\000i\000s\000c\000h\000e\000\040\000G\000r\000u\000n\000d\000b\000e\000g\000r\000i\000f\000f\000e\000\051}{section.190}% 21
\BOOKMARK [2][-]{subsection.306}{\376\377\000C\000o\000n\000t\000i\000n\000u\000i\000t\000y\000\040\000\050\000S\000t\000e\000t\000i\000g\000k\000e\000i\000t\000\051}{section.190}% 22
\BOOKMARK [2][-]{subsection.366}{\376\377\000F\000u\000n\000c\000t\000i\000o\000n\000s\000\040\000o\000n\000\040\000R\000\040\000\050\000F\000u\000n\000k\000t\000i\000o\000n\000e\000n\000\040\000i\000n\000\040\000R\000\051}{section.190}% 23
\BOOKMARK [2][-]{subsection.391}{\376\377\000T\000h\000e\000\040\000E\000x\000p\000o\000n\000e\000n\000t\000i\000a\000l\000\040\000F\000u\000n\000c\000t\000i\000o\000n\000\040\000\050\000D\000i\000e\000\040\000E\000x\000p\000o\000n\000e\000n\000t\000i\000a\000l\000f\000u\000n\000k\000t\000i\000o\000n\000\051}{section.190}% 24
\BOOKMARK [1][-]{section.399}{\376\377\000D\000i\000f\000f\000e\000r\000e\000n\000t\000i\000a\000l\000\040\000C\000a\000l\000c\000u\000l\000u\000s\000\040\000i\000n\000\040\000O\000n\000e\000\040\000V\000a\000r\000i\000a\000b\000l\000e\000\040\000\050\000D\000i\000f\000f\000e\000r\000e\000n\000t\000i\000a\000l\000r\000e\000c\000h\000n\000u\000n\000g\000\040\000e\000i\000n\000e\000r\000\040\000V\000e\000r\000\344\000n\000d\000e\000r\000l\000i\000c\000h\000e\000n\000\051}{}% 25
\BOOKMARK [2][-]{subsection.400}{\376\377\000D\000i\000f\000f\000e\000r\000e\000n\000t\000i\000a\000b\000i\000l\000i\000t\000y\000\040\000\050\000D\000i\000f\000f\000e\000r\000e\000n\000z\000i\000e\000r\000b\000a\000r\000k\000e\000i\000t\000\051}{section.399}% 26
\BOOKMARK [2][-]{subsection.401}{\376\377\000M\000e\000a\000n\000\040\000V\000a\000l\000u\000e\000\040\000T\000h\000e\000o\000r\000e\000m\000s\000\040\000\050\000M\000i\000t\000t\000e\000l\000w\000e\000r\000t\000s\000\344\000t\000z\000e\000\051}{section.399}% 27
\BOOKMARK [2][-]{subsection.402}{\376\377\000T\000a\000y\000l\000o\000r\000'\000s\000\040\000F\000o\000r\000m\000u\000l\000a\000\040\000\050\000T\000a\000y\000l\000o\000r\000s\000c\000h\000e\000\040\000F\000o\000r\000m\000e\000l\000\051}{section.399}% 28
\BOOKMARK [1][-]{section.403}{\376\377\000S\000e\000q\000u\000e\000n\000c\000e\000s\000\040\000o\000f\000\040\000F\000u\000n\000c\000t\000i\000o\000n\000s\000\040\000\050\000F\000u\000n\000k\000t\000i\000o\000n\000e\000n\000f\000o\000l\000g\000e\000n\000\051}{}% 29
\BOOKMARK [2][-]{subsection.404}{\376\377\000U\000n\000i\000f\000o\000r\000m\000\040\000C\000o\000n\000v\000e\000r\000g\000e\000n\000c\000e\000\040\000\050\000G\000l\000e\000i\000c\000h\000m\000\344\000s\000s\000i\000g\000e\000\040\000K\000o\000n\000v\000e\000r\000g\000e\000n\000z\000\051}{section.403}% 30
\BOOKMARK [2][-]{subsection.405}{\376\377\000I\000n\000t\000e\000r\000c\000h\000a\000n\000g\000i\000n\000g\000\040\000L\000i\000m\000i\000t\000s\000\040\000\050\000V\000e\000r\000t\000a\000u\000s\000c\000h\000e\000n\000\040\000v\000o\000n\000\040\000G\000r\000e\000n\000z\000w\000e\000r\000t\000e\000n\000\051}{section.403}% 31
